00:05:57 **** Incremental Build of configuration Debug for project ADAS_WheelHubMotors_LaneDetection_SPI_SLAVE_GIVE_MTR_CTRL ****
make all 
Building file: ../APP/ADAS_APP.c
Invoking: AVR Compiler
avr-gcc -Wall -g2 -gstabs -O0 -fpack-struct -fshort-enums -ffunction-sections -fdata-sections -std=gnu99 -funsigned-char -funsigned-bitfields -mmcu=atmega32 -DF_CPU=16000000UL -MMD -MP -MF"APP/ADAS_APP.d" -MT"APP/ADAS_APP.o" -c -o "APP/ADAS_APP.o" "../APP/ADAS_APP.c"
In file included from ../APP/ADAS_APP.c:10:
d:/es_diploma/tools/imt_sdk_win_64/winavr/lib/gcc/../../avr/include/util/delay.h:90:3: warning: #warning "Compiler optimizations disabled; functions from <util/delay.h> won't work as designed"
In file included from ../APP/../MCAL/GI/GI_interface.h:11,
                 from ../APP/ADAS_APP.c:14:
../APP/../MCAL/GI/GI_register.h:13:1: warning: "SREG" redefined
In file included from d:/es_diploma/tools/imt_sdk_win_64/winavr/lib/gcc/../../avr/include/avr/io.h:410,
                 from ../APP/../MCAL/DIO/DIO_interface.h:13,
                 from ../APP/ADAS_APP.c:12:
d:/es_diploma/tools/imt_sdk_win_64/winavr/lib/gcc/../../avr/include/avr/common.h:103:1: warning: this is the location of the previous definition
../APP/ADAS_APP.c: In function 'HW_init':
../APP/ADAS_APP.c:44: warning: implicit declaration of function 'SPI_voidInit'
../APP/ADAS_APP.c: In function 'BT':
../APP/ADAS_APP.c:66: warning: implicit declaration of function 'UART_TransmitString'
../APP/ADAS_APP.c: In function 'WHM':
../APP/ADAS_APP.c:131: warning: implicit declaration of function 'LaneAssist'
../APP/ADAS_APP.c: At top level:
../APP/ADAS_APP.c:139: warning: conflicting types for 'LaneAssist'
../APP/ADAS_APP.c:131: warning: previous implicit declaration of 'LaneAssist' was here
Finished building: ../APP/ADAS_APP.c
 
Building file: ../main.c
Invoking: AVR Compiler
avr-gcc -Wall -g2 -gstabs -O0 -fpack-struct -fshort-enums -ffunction-sections -fdata-sections -std=gnu99 -funsigned-char -funsigned-bitfields -mmcu=atmega32 -DF_CPU=16000000UL -MMD -MP -MF"main.d" -MT"main.o" -c -o "main.o" "../main.c"
../main.c:16: warning: initialization makes integer from pointer without a cast
../main.c: In function 'main':
../main.c:73: warning: implicit declaration of function 'SPI_voidTransmitAsynchronous'
../main.c:76: warning: assignment makes integer from pointer without a cast
Finished building: ../main.c
 
Building target: ADAS_WheelHubMotors_LaneDetection_SPI_SLAVE_GIVE_MTR_CTRL.elf
Invoking: AVR C Linker
avr-gcc -Wl,-Map,ADAS_WheelHubMotors_LaneDetection_SPI_SLAVE_GIVE_MTR_CTRL.map -mmcu=atmega32 -o "ADAS_WheelHubMotors_LaneDetection_SPI_SLAVE_GIVE_MTR_CTRL.elf"  ./OS/OS_program.o  ./MCAL/UART/src/UART_program.o  ./MCAL/TIMERS/TIMER2/src/TMR2_program.o  ./MCAL/TIMERS/TIMER1/src/TMR1_program.o  ./MCAL/TIMERS/TIMER0/src/TMR0_program.o  ./MCAL/SPI/src/SPI_program.o  ./MCAL/PORT/PORT.o ./MCAL/PORT/PORT_cnf.o  ./MCAL/GI/GI__program.o  ./MCAL/DIO/DIO_program.o  ./MCAL/ADC/src/ADC_program.o  ./HAL/WHM/WHM_program.o  ./HAL/SRVM/SRVM_program.o  ./HAL/BLUETOOTH/BT_program.o  ./APP/ADAS_APP.o  ./main.o   
Finished building target: ADAS_WheelHubMotors_LaneDetection_SPI_SLAVE_GIVE_MTR_CTRL.elf
 
Invoking: AVR Create Extended Listing
avr-objdump -h -S ADAS_WheelHubMotors_LaneDetection_SPI_SLAVE_GIVE_MTR_CTRL.elf  >"ADAS_WheelHubMotors_LaneDetection_SPI_SLAVE_GIVE_MTR_CTRL.lss"
Finished building: ADAS_WheelHubMotors_LaneDetection_SPI_SLAVE_GIVE_MTR_CTRL.lss
 
Create Flash image (ihex format)
avr-objcopy -R .eeprom -R .fuse -R .lock -R .signature -O ihex ADAS_WheelHubMotors_LaneDetection_SPI_SLAVE_GIVE_MTR_CTRL.elf  "ADAS_WheelHubMotors_LaneDetection_SPI_SLAVE_GIVE_MTR_CTRL.hex"
Finished building: ADAS_WheelHubMotors_LaneDetection_SPI_SLAVE_GIVE_MTR_CTRL.hex
 
Invoking: Print Size
avr-size --format=avr --mcu=atmega32 ADAS_WheelHubMotors_LaneDetection_SPI_SLAVE_GIVE_MTR_CTRL.elf
AVR Memory Usage
----------------
Device: atmega32

Program:   12668 bytes (38.7% Full)
(.text + .data + .bootloader)

Data:        716 bytes (35.0% Full)
(.data + .bss + .noinit)


Finished building: sizedummy
 

00:05:58 Build Finished (took 785ms)

