02:56:07 **** Incremental Build of configuration Debug for project ADAS_MASTER ****
make all 
Building file: ../main.c
Invoking: AVR Compiler
avr-gcc -Wall -g2 -gstabs -O0 -fpack-struct -fshort-enums -ffunction-sections -fdata-sections -std=gnu99 -funsigned-char -funsigned-bitfields -mmcu=atmega32 -DF_CPU=16000000UL -MMD -MP -MF"main.d" -MT"main.o" -c -o "main.o" "../main.c"
In file included from ../main.c:9:
d:/es_diploma/tools/imt_sdk_win_64/winavr/lib/gcc/../../avr/include/avr/delay.h:36:2: warning: #warning "This file has been moved to <util/delay.h>."
In file included from d:/es_diploma/tools/imt_sdk_win_64/winavr/lib/gcc/../../avr/include/avr/delay.h:37,
                 from ../main.c:9:
d:/es_diploma/tools/imt_sdk_win_64/winavr/lib/gcc/../../avr/include/util/delay.h:90:3: warning: #warning "Compiler optimizations disabled; functions from <util/delay.h> won't work as designed"
In file included from ../MCAL/GI/GI_interface.h:11,
                 from ../main.c:13:
../MCAL/GI/GI_register.h:13:1: warning: "SREG" redefined
In file included from d:/es_diploma/tools/imt_sdk_win_64/winavr/lib/gcc/../../avr/include/avr/io.h:410,
                 from ../MCAL/DIO/DIO_interface.h:13,
                 from ../main.c:10:
d:/es_diploma/tools/imt_sdk_win_64/winavr/lib/gcc/../../avr/include/avr/common.h:103:1: warning: this is the location of the previous definition
../main.c: In function 'Act':
../main.c:26: warning: implicit declaration of function 'UART_TransmitString'
../main.c: In function 'main':
../main.c:57: warning: implicit declaration of function 'UART_Init'
Finished building: ../main.c
 
Building target: ADAS_MASTER.elf
Invoking: AVR C Linker
avr-gcc -Wl,-Map,ADAS_MASTER.map -mmcu=atmega32 -o "ADAS_MASTER.elf"  ./MCAL/UART/src/UART_program.o  ./MCAL/TIMERS/TIMER2/src/TMR2_program.o  ./MCAL/TIMERS/TIMER1/src/TMR1_program.o  ./MCAL/TIMERS/TIMER0/src/TMR0_program.o  ./MCAL/SPI/src/SPI_program.o  ./MCAL/PORT/PORT.o ./MCAL/PORT/PORT_cnf.o  ./MCAL/GI/GI__program.o  ./MCAL/EXTI/src/EXTI_program.o  ./MCAL/DIO/DIO_program.o  ./HAL/SEVEN_SEGMENT/SEVEN_SEGMENT.o  ./HAL/LCD/LCD.o  ./main.o   
Finished building target: ADAS_MASTER.elf
 
Invoking: AVR Create Extended Listing
avr-objdump -h -S ADAS_MASTER.elf  >"ADAS_MASTER.lss"
Finished building: ADAS_MASTER.lss
 
Create Flash image (ihex format)
avr-objcopy -R .eeprom -R .fuse -R .lock -R .signature -O ihex ADAS_MASTER.elf  "ADAS_MASTER.hex"
Finished building: ADAS_MASTER.hex
 
Invoking: Print Size
avr-size --format=avr --mcu=atmega32 ADAS_MASTER.elf
AVR Memory Usage
----------------
Device: atmega32

Program:   22736 bytes (69.4% Full)
(.text + .data + .bootloader)

Data:        506 bytes (24.7% Full)
(.data + .bss + .noinit)


Finished building: sizedummy
 

02:56:08 Build Finished (took 1s.338ms)

