12:24:28 **** Incremental Build of configuration Debug for project ADAS_RTOS ****
make all 
Building file: ../MCAL/UART/src/UART_program.c
Invoking: AVR Compiler
avr-gcc -I"D:\GitHub\AVRPlayground\ATMEGA32_projects\ADAS_RTOS\FreeRTOS" -I"D:\GitHub\AVRPlayground\ATMEGA32_projects\ADAS_RTOS\FreeRTOS\Source\include" -I"D:\GitHub\AVRPlayground\ATMEGA32_projects\ADAS_RTOS\FreeRTOS\Source\portable\GCC\ATMega323" -Wall -g2 -gstabs -O0 -fpack-struct -fshort-enums -ffunction-sections -fdata-sections -std=gnu99 -funsigned-char -funsigned-bitfields -mmcu=atmega32 -DF_CPU=16000000UL -MMD -MP -MF"MCAL/UART/src/UART_program.d" -MT"MCAL/UART/src/UART_program.o" -c -o "MCAL/UART/src/UART_program.o" "../MCAL/UART/src/UART_program.c"
../MCAL/UART/src/UART_program.c: In function 'UART_ReceiveNumber':
../MCAL/UART/src/UART_program.c:111: warning: implicit declaration of function 'atoi'
Finished building: ../MCAL/UART/src/UART_program.c
 
Building file: ../MCAL/TIMERS/TIMER0/src/TMR0_program.c
Invoking: AVR Compiler
avr-gcc -I"D:\GitHub\AVRPlayground\ATMEGA32_projects\ADAS_RTOS\FreeRTOS" -I"D:\GitHub\AVRPlayground\ATMEGA32_projects\ADAS_RTOS\FreeRTOS\Source\include" -I"D:\GitHub\AVRPlayground\ATMEGA32_projects\ADAS_RTOS\FreeRTOS\Source\portable\GCC\ATMega323" -Wall -g2 -gstabs -O0 -fpack-struct -fshort-enums -ffunction-sections -fdata-sections -std=gnu99 -funsigned-char -funsigned-bitfields -mmcu=atmega32 -DF_CPU=16000000UL -MMD -MP -MF"MCAL/TIMERS/TIMER0/src/TMR0_program.d" -MT"MCAL/TIMERS/TIMER0/src/TMR0_program.o" -c -o "MCAL/TIMERS/TIMER0/src/TMR0_program.o" "../MCAL/TIMERS/TIMER0/src/TMR0_program.c"
Finished building: ../MCAL/TIMERS/TIMER0/src/TMR0_program.c
 
Building file: ../MCAL/SPI/src/SPI_program.c
Invoking: AVR Compiler
avr-gcc -I"D:\GitHub\AVRPlayground\ATMEGA32_projects\ADAS_RTOS\FreeRTOS" -I"D:\GitHub\AVRPlayground\ATMEGA32_projects\ADAS_RTOS\FreeRTOS\Source\include" -I"D:\GitHub\AVRPlayground\ATMEGA32_projects\ADAS_RTOS\FreeRTOS\Source\portable\GCC\ATMega323" -Wall -g2 -gstabs -O0 -fpack-struct -fshort-enums -ffunction-sections -fdata-sections -std=gnu99 -funsigned-char -funsigned-bitfields -mmcu=atmega32 -DF_CPU=16000000UL -MMD -MP -MF"MCAL/SPI/src/SPI_program.d" -MT"MCAL/SPI/src/SPI_program.o" -c -o "MCAL/SPI/src/SPI_program.o" "../MCAL/SPI/src/SPI_program.c"
Finished building: ../MCAL/SPI/src/SPI_program.c
 
Building file: ../MCAL/PORT/PORT.c
Invoking: AVR Compiler
avr-gcc -I"D:\GitHub\AVRPlayground\ATMEGA32_projects\ADAS_RTOS\FreeRTOS" -I"D:\GitHub\AVRPlayground\ATMEGA32_projects\ADAS_RTOS\FreeRTOS\Source\include" -I"D:\GitHub\AVRPlayground\ATMEGA32_projects\ADAS_RTOS\FreeRTOS\Source\portable\GCC\ATMega323" -Wall -g2 -gstabs -O0 -fpack-struct -fshort-enums -ffunction-sections -fdata-sections -std=gnu99 -funsigned-char -funsigned-bitfields -mmcu=atmega32 -DF_CPU=16000000UL -MMD -MP -MF"MCAL/PORT/PORT.d" -MT"MCAL/PORT/PORT.o" -c -o "MCAL/PORT/PORT.o" "../MCAL/PORT/PORT.c"
Finished building: ../MCAL/PORT/PORT.c
 
Building file: ../MCAL/PORT/PORT_cnf.c
Invoking: AVR Compiler
avr-gcc -I"D:\GitHub\AVRPlayground\ATMEGA32_projects\ADAS_RTOS\FreeRTOS" -I"D:\GitHub\AVRPlayground\ATMEGA32_projects\ADAS_RTOS\FreeRTOS\Source\include" -I"D:\GitHub\AVRPlayground\ATMEGA32_projects\ADAS_RTOS\FreeRTOS\Source\portable\GCC\ATMega323" -Wall -g2 -gstabs -O0 -fpack-struct -fshort-enums -ffunction-sections -fdata-sections -std=gnu99 -funsigned-char -funsigned-bitfields -mmcu=atmega32 -DF_CPU=16000000UL -MMD -MP -MF"MCAL/PORT/PORT_cnf.d" -MT"MCAL/PORT/PORT_cnf.o" -c -o "MCAL/PORT/PORT_cnf.o" "../MCAL/PORT/PORT_cnf.c"
Finished building: ../MCAL/PORT/PORT_cnf.c
 
Building file: ../MCAL/GI/GI__program.c
Invoking: AVR Compiler
avr-gcc -I"D:\GitHub\AVRPlayground\ATMEGA32_projects\ADAS_RTOS\FreeRTOS" -I"D:\GitHub\AVRPlayground\ATMEGA32_projects\ADAS_RTOS\FreeRTOS\Source\include" -I"D:\GitHub\AVRPlayground\ATMEGA32_projects\ADAS_RTOS\FreeRTOS\Source\portable\GCC\ATMega323" -Wall -g2 -gstabs -O0 -fpack-struct -fshort-enums -ffunction-sections -fdata-sections -std=gnu99 -funsigned-char -funsigned-bitfields -mmcu=atmega32 -DF_CPU=16000000UL -MMD -MP -MF"MCAL/GI/GI__program.d" -MT"MCAL/GI/GI__program.o" -c -o "MCAL/GI/GI__program.o" "../MCAL/GI/GI__program.c"
Finished building: ../MCAL/GI/GI__program.c
 
Building file: ../MCAL/DIO/DIO_program.c
Invoking: AVR Compiler
avr-gcc -I"D:\GitHub\AVRPlayground\ATMEGA32_projects\ADAS_RTOS\FreeRTOS" -I"D:\GitHub\AVRPlayground\ATMEGA32_projects\ADAS_RTOS\FreeRTOS\Source\include" -I"D:\GitHub\AVRPlayground\ATMEGA32_projects\ADAS_RTOS\FreeRTOS\Source\portable\GCC\ATMega323" -Wall -g2 -gstabs -O0 -fpack-struct -fshort-enums -ffunction-sections -fdata-sections -std=gnu99 -funsigned-char -funsigned-bitfields -mmcu=atmega32 -DF_CPU=16000000UL -MMD -MP -MF"MCAL/DIO/DIO_program.d" -MT"MCAL/DIO/DIO_program.o" -c -o "MCAL/DIO/DIO_program.o" "../MCAL/DIO/DIO_program.c"
Finished building: ../MCAL/DIO/DIO_program.c
 
Building file: ../HAL/MOTOR/WHM.c
Invoking: AVR Compiler
avr-gcc -I"D:\GitHub\AVRPlayground\ATMEGA32_projects\ADAS_RTOS\FreeRTOS" -I"D:\GitHub\AVRPlayground\ATMEGA32_projects\ADAS_RTOS\FreeRTOS\Source\include" -I"D:\GitHub\AVRPlayground\ATMEGA32_projects\ADAS_RTOS\FreeRTOS\Source\portable\GCC\ATMega323" -Wall -g2 -gstabs -O0 -fpack-struct -fshort-enums -ffunction-sections -fdata-sections -std=gnu99 -funsigned-char -funsigned-bitfields -mmcu=atmega32 -DF_CPU=16000000UL -MMD -MP -MF"HAL/MOTOR/WHM.d" -MT"HAL/MOTOR/WHM.o" -c -o "HAL/MOTOR/WHM.o" "../HAL/MOTOR/WHM.c"
In file included from ../HAL/MOTOR/../../MCAL/TIMERS/TIMER0/includes/TMR0_interface.h:11,
                 from ../HAL/MOTOR/WHM.c:14:
../HAL/MOTOR/../../MCAL/TIMERS/TIMER0/includes/TMR0_register.h:16:1: warning: "TCCR0" redefined
In file included from d:/es_diploma/tools/imt_sdk_win_64/winavr/lib/gcc/../../avr/include/avr/io.h:206,
                 from ../HAL/MOTOR/../../MCAL/DIO/DIO_interface.h:13,
                 from ../HAL/MOTOR/WHM.c:13:
d:/es_diploma/tools/imt_sdk_win_64/winavr/lib/gcc/../../avr/include/avr/iom32.h:148:1: warning: this is the location of the previous definition
In file included from ../HAL/MOTOR/../../MCAL/TIMERS/TIMER0/includes/TMR0_interface.h:11,
                 from ../HAL/MOTOR/WHM.c:14:
../HAL/MOTOR/../../MCAL/TIMERS/TIMER0/includes/TMR0_register.h:27:1: warning: "TCNT0" redefined
In file included from d:/es_diploma/tools/imt_sdk_win_64/winavr/lib/gcc/../../avr/include/avr/io.h:206,
                 from ../HAL/MOTOR/../../MCAL/DIO/DIO_interface.h:13,
                 from ../HAL/MOTOR/WHM.c:13:
d:/es_diploma/tools/imt_sdk_win_64/winavr/lib/gcc/../../avr/include/avr/iom32.h:147:1: warning: this is the location of the previous definition
In file included from ../HAL/MOTOR/../../MCAL/TIMERS/TIMER0/includes/TMR0_interface.h:11,
                 from ../HAL/MOTOR/WHM.c:14:
../HAL/MOTOR/../../MCAL/TIMERS/TIMER0/includes/TMR0_register.h:30:1: warning: "OCR0" redefined
In file included from d:/es_diploma/tools/imt_sdk_win_64/winavr/lib/gcc/../../avr/include/avr/io.h:206,
                 from ../HAL/MOTOR/../../MCAL/DIO/DIO_interface.h:13,
                 from ../HAL/MOTOR/WHM.c:13:
d:/es_diploma/tools/imt_sdk_win_64/winavr/lib/gcc/../../avr/include/avr/iom32.h:165:1: warning: this is the location of the previous definition
In file included from ../HAL/MOTOR/../../MCAL/TIMERS/TIMER0/includes/TMR0_interface.h:11,
                 from ../HAL/MOTOR/WHM.c:14:
../HAL/MOTOR/../../MCAL/TIMERS/TIMER0/includes/TMR0_register.h:33:1: warning: "TIMSK" redefined
In file included from d:/es_diploma/tools/imt_sdk_win_64/winavr/lib/gcc/../../avr/include/avr/io.h:206,
                 from ../HAL/MOTOR/../../MCAL/DIO/DIO_interface.h:13,
                 from ../HAL/MOTOR/WHM.c:13:
d:/es_diploma/tools/imt_sdk_win_64/winavr/lib/gcc/../../avr/include/avr/iom32.h:159:1: warning: this is the location of the previous definition
In file included from ../HAL/MOTOR/../../MCAL/TIMERS/TIMER0/includes/TMR0_interface.h:11,
                 from ../HAL/MOTOR/WHM.c:14:
../HAL/MOTOR/../../MCAL/TIMERS/TIMER0/includes/TMR0_register.h:38:1: warning: "TIFR" redefined
In file included from d:/es_diploma/tools/imt_sdk_win_64/winavr/lib/gcc/../../avr/include/avr/io.h:206,
                 from ../HAL/MOTOR/../../MCAL/DIO/DIO_interface.h:13,
                 from ../HAL/MOTOR/WHM.c:13:
d:/es_diploma/tools/imt_sdk_win_64/winavr/lib/gcc/../../avr/include/avr/iom32.h:158:1: warning: this is the location of the previous definition
../HAL/MOTOR/WHM.c: In function 'MOTOR_voidOn':
../HAL/MOTOR/WHM.c:35: warning: implicit declaration of function 'UART_TransmitString'
Finished building: ../HAL/MOTOR/WHM.c
 
Building file: ../HAL/BLUETOOTH/BT.c
Invoking: AVR Compiler
avr-gcc -I"D:\GitHub\AVRPlayground\ATMEGA32_projects\ADAS_RTOS\FreeRTOS" -I"D:\GitHub\AVRPlayground\ATMEGA32_projects\ADAS_RTOS\FreeRTOS\Source\include" -I"D:\GitHub\AVRPlayground\ATMEGA32_projects\ADAS_RTOS\FreeRTOS\Source\portable\GCC\ATMega323" -Wall -g2 -gstabs -O0 -fpack-struct -fshort-enums -ffunction-sections -fdata-sections -std=gnu99 -funsigned-char -funsigned-bitfields -mmcu=atmega32 -DF_CPU=16000000UL -MMD -MP -MF"HAL/BLUETOOTH/BT.d" -MT"HAL/BLUETOOTH/BT.o" -c -o "HAL/BLUETOOTH/BT.o" "../HAL/BLUETOOTH/BT.c"
Finished building: ../HAL/BLUETOOTH/BT.c
 
Building file: ../FreeRTOS/Source/portable/MemMang/heap_1.c
Invoking: AVR Compiler
avr-gcc -I"D:\GitHub\AVRPlayground\ATMEGA32_projects\ADAS_RTOS\FreeRTOS" -I"D:\GitHub\AVRPlayground\ATMEGA32_projects\ADAS_RTOS\FreeRTOS\Source\include" -I"D:\GitHub\AVRPlayground\ATMEGA32_projects\ADAS_RTOS\FreeRTOS\Source\portable\GCC\ATMega323" -Wall -g2 -gstabs -O0 -fpack-struct -fshort-enums -ffunction-sections -fdata-sections -std=gnu99 -funsigned-char -funsigned-bitfields -mmcu=atmega32 -DF_CPU=16000000UL -MMD -MP -MF"FreeRTOS/Source/portable/MemMang/heap_1.d" -MT"FreeRTOS/Source/portable/MemMang/heap_1.o" -c -o "FreeRTOS/Source/portable/MemMang/heap_1.o" "../FreeRTOS/Source/portable/MemMang/heap_1.c"
Finished building: ../FreeRTOS/Source/portable/MemMang/heap_1.c
 
Building file: ../FreeRTOS/Source/portable/GCC/ATMega323/port.c
Invoking: AVR Compiler
avr-gcc -I"D:\GitHub\AVRPlayground\ATMEGA32_projects\ADAS_RTOS\FreeRTOS" -I"D:\GitHub\AVRPlayground\ATMEGA32_projects\ADAS_RTOS\FreeRTOS\Source\include" -I"D:\GitHub\AVRPlayground\ATMEGA32_projects\ADAS_RTOS\FreeRTOS\Source\portable\GCC\ATMega323" -Wall -g2 -gstabs -O0 -fpack-struct -fshort-enums -ffunction-sections -fdata-sections -std=gnu99 -funsigned-char -funsigned-bitfields -mmcu=atmega32 -DF_CPU=16000000UL -MMD -MP -MF"FreeRTOS/Source/portable/GCC/ATMega323/port.d" -MT"FreeRTOS/Source/portable/GCC/ATMega323/port.o" -c -o "FreeRTOS/Source/portable/GCC/ATMega323/port.o" "../FreeRTOS/Source/portable/GCC/ATMega323/port.c"
Finished building: ../FreeRTOS/Source/portable/GCC/ATMega323/port.c
 
Building file: ../FreeRTOS/Source/croutine.c
Invoking: AVR Compiler
avr-gcc -I"D:\GitHub\AVRPlayground\ATMEGA32_projects\ADAS_RTOS\FreeRTOS" -I"D:\GitHub\AVRPlayground\ATMEGA32_projects\ADAS_RTOS\FreeRTOS\Source\include" -I"D:\GitHub\AVRPlayground\ATMEGA32_projects\ADAS_RTOS\FreeRTOS\Source\portable\GCC\ATMega323" -Wall -g2 -gstabs -O0 -fpack-struct -fshort-enums -ffunction-sections -fdata-sections -std=gnu99 -funsigned-char -funsigned-bitfields -mmcu=atmega32 -DF_CPU=16000000UL -MMD -MP -MF"FreeRTOS/Source/croutine.d" -MT"FreeRTOS/Source/croutine.o" -c -o "FreeRTOS/Source/croutine.o" "../FreeRTOS/Source/croutine.c"
Finished building: ../FreeRTOS/Source/croutine.c
 
Building file: ../FreeRTOS/Source/event_groups.c
Invoking: AVR Compiler
avr-gcc -I"D:\GitHub\AVRPlayground\ATMEGA32_projects\ADAS_RTOS\FreeRTOS" -I"D:\GitHub\AVRPlayground\ATMEGA32_projects\ADAS_RTOS\FreeRTOS\Source\include" -I"D:\GitHub\AVRPlayground\ATMEGA32_projects\ADAS_RTOS\FreeRTOS\Source\portable\GCC\ATMega323" -Wall -g2 -gstabs -O0 -fpack-struct -fshort-enums -ffunction-sections -fdata-sections -std=gnu99 -funsigned-char -funsigned-bitfields -mmcu=atmega32 -DF_CPU=16000000UL -MMD -MP -MF"FreeRTOS/Source/event_groups.d" -MT"FreeRTOS/Source/event_groups.o" -c -o "FreeRTOS/Source/event_groups.o" "../FreeRTOS/Source/event_groups.c"
Finished building: ../FreeRTOS/Source/event_groups.c
 
Building file: ../FreeRTOS/Source/list.c
Invoking: AVR Compiler
avr-gcc -I"D:\GitHub\AVRPlayground\ATMEGA32_projects\ADAS_RTOS\FreeRTOS" -I"D:\GitHub\AVRPlayground\ATMEGA32_projects\ADAS_RTOS\FreeRTOS\Source\include" -I"D:\GitHub\AVRPlayground\ATMEGA32_projects\ADAS_RTOS\FreeRTOS\Source\portable\GCC\ATMega323" -Wall -g2 -gstabs -O0 -fpack-struct -fshort-enums -ffunction-sections -fdata-sections -std=gnu99 -funsigned-char -funsigned-bitfields -mmcu=atmega32 -DF_CPU=16000000UL -MMD -MP -MF"FreeRTOS/Source/list.d" -MT"FreeRTOS/Source/list.o" -c -o "FreeRTOS/Source/list.o" "../FreeRTOS/Source/list.c"
Finished building: ../FreeRTOS/Source/list.c
 
Building file: ../FreeRTOS/Source/queue.c
Invoking: AVR Compiler
avr-gcc -I"D:\GitHub\AVRPlayground\ATMEGA32_projects\ADAS_RTOS\FreeRTOS" -I"D:\GitHub\AVRPlayground\ATMEGA32_projects\ADAS_RTOS\FreeRTOS\Source\include" -I"D:\GitHub\AVRPlayground\ATMEGA32_projects\ADAS_RTOS\FreeRTOS\Source\portable\GCC\ATMega323" -Wall -g2 -gstabs -O0 -fpack-struct -fshort-enums -ffunction-sections -fdata-sections -std=gnu99 -funsigned-char -funsigned-bitfields -mmcu=atmega32 -DF_CPU=16000000UL -MMD -MP -MF"FreeRTOS/Source/queue.d" -MT"FreeRTOS/Source/queue.o" -c -o "FreeRTOS/Source/queue.o" "../FreeRTOS/Source/queue.c"
Finished building: ../FreeRTOS/Source/queue.c
 
Building file: ../FreeRTOS/Source/stream_buffer.c
Invoking: AVR Compiler
avr-gcc -I"D:\GitHub\AVRPlayground\ATMEGA32_projects\ADAS_RTOS\FreeRTOS" -I"D:\GitHub\AVRPlayground\ATMEGA32_projects\ADAS_RTOS\FreeRTOS\Source\include" -I"D:\GitHub\AVRPlayground\ATMEGA32_projects\ADAS_RTOS\FreeRTOS\Source\portable\GCC\ATMega323" -Wall -g2 -gstabs -O0 -fpack-struct -fshort-enums -ffunction-sections -fdata-sections -std=gnu99 -funsigned-char -funsigned-bitfields -mmcu=atmega32 -DF_CPU=16000000UL -MMD -MP -MF"FreeRTOS/Source/stream_buffer.d" -MT"FreeRTOS/Source/stream_buffer.o" -c -o "FreeRTOS/Source/stream_buffer.o" "../FreeRTOS/Source/stream_buffer.c"
Finished building: ../FreeRTOS/Source/stream_buffer.c
 
Building file: ../FreeRTOS/Source/tasks.c
Invoking: AVR Compiler
avr-gcc -I"D:\GitHub\AVRPlayground\ATMEGA32_projects\ADAS_RTOS\FreeRTOS" -I"D:\GitHub\AVRPlayground\ATMEGA32_projects\ADAS_RTOS\FreeRTOS\Source\include" -I"D:\GitHub\AVRPlayground\ATMEGA32_projects\ADAS_RTOS\FreeRTOS\Source\portable\GCC\ATMega323" -Wall -g2 -gstabs -O0 -fpack-struct -fshort-enums -ffunction-sections -fdata-sections -std=gnu99 -funsigned-char -funsigned-bitfields -mmcu=atmega32 -DF_CPU=16000000UL -MMD -MP -MF"FreeRTOS/Source/tasks.d" -MT"FreeRTOS/Source/tasks.o" -c -o "FreeRTOS/Source/tasks.o" "../FreeRTOS/Source/tasks.c"
Finished building: ../FreeRTOS/Source/tasks.c
 
Building file: ../FreeRTOS/Source/timers.c
Invoking: AVR Compiler
avr-gcc -I"D:\GitHub\AVRPlayground\ATMEGA32_projects\ADAS_RTOS\FreeRTOS" -I"D:\GitHub\AVRPlayground\ATMEGA32_projects\ADAS_RTOS\FreeRTOS\Source\include" -I"D:\GitHub\AVRPlayground\ATMEGA32_projects\ADAS_RTOS\FreeRTOS\Source\portable\GCC\ATMega323" -Wall -g2 -gstabs -O0 -fpack-struct -fshort-enums -ffunction-sections -fdata-sections -std=gnu99 -funsigned-char -funsigned-bitfields -mmcu=atmega32 -DF_CPU=16000000UL -MMD -MP -MF"FreeRTOS/Source/timers.d" -MT"FreeRTOS/Source/timers.o" -c -o "FreeRTOS/Source/timers.o" "../FreeRTOS/Source/timers.c"
Finished building: ../FreeRTOS/Source/timers.c
 
Building file: ../main.c
Invoking: AVR Compiler
avr-gcc -I"D:\GitHub\AVRPlayground\ATMEGA32_projects\ADAS_RTOS\FreeRTOS" -I"D:\GitHub\AVRPlayground\ATMEGA32_projects\ADAS_RTOS\FreeRTOS\Source\include" -I"D:\GitHub\AVRPlayground\ATMEGA32_projects\ADAS_RTOS\FreeRTOS\Source\portable\GCC\ATMega323" -Wall -g2 -gstabs -O0 -fpack-struct -fshort-enums -ffunction-sections -fdata-sections -std=gnu99 -funsigned-char -funsigned-bitfields -mmcu=atmega32 -DF_CPU=16000000UL -MMD -MP -MF"main.d" -MT"main.o" -c -o "main.o" "../main.c"
In file included from ../MCAL/GI/GI_interface.h:11,
                 from ../main.c:10:
../MCAL/GI/GI_register.h:13:1: warning: "SREG" redefined
In file included from d:/es_diploma/tools/imt_sdk_win_64/winavr/lib/gcc/../../avr/include/avr/io.h:410,
                 from ../MCAL/DIO/DIO_interface.h:13,
                 from ../main.c:8:
d:/es_diploma/tools/imt_sdk_win_64/winavr/lib/gcc/../../avr/include/avr/common.h:103:1: warning: this is the location of the previous definition
../main.c: In function 'WHM':
../main.c:124: warning: implicit declaration of function 'UART_TransmitString'
../main.c:178: warning: implicit declaration of function 'LaneAssist'
../main.c: At top level:
../main.c:181: warning: conflicting types for 'LaneAssist'
../main.c:178: warning: previous implicit declaration of 'LaneAssist' was here
Finished building: ../main.c
 
Building target: ADAS_RTOS.elf
Invoking: AVR C Linker
avr-gcc -Wl,-Map,ADAS_RTOS.map -mmcu=atmega32 -o "ADAS_RTOS.elf"  ./MCAL/UART/src/UART_program.o  ./MCAL/TIMERS/TIMER0/src/TMR0_program.o  ./MCAL/SPI/src/SPI_program.o  ./MCAL/PORT/PORT.o ./MCAL/PORT/PORT_cnf.o  ./MCAL/GI/GI__program.o  ./MCAL/DIO/DIO_program.o  ./HAL/MOTOR/WHM.o  ./HAL/BLUETOOTH/BT.o  ./FreeRTOS/Source/portable/MemMang/heap_1.o  ./FreeRTOS/Source/portable/GCC/ATMega323/port.o  ./FreeRTOS/Source/croutine.o ./FreeRTOS/Source/event_groups.o ./FreeRTOS/Source/list.o ./FreeRTOS/Source/queue.o ./FreeRTOS/Source/stream_buffer.o ./FreeRTOS/Source/tasks.o ./FreeRTOS/Source/timers.o  ./main.o   
Finished building target: ADAS_RTOS.elf
 
Invoking: AVR Create Extended Listing
avr-objdump -h -S ADAS_RTOS.elf  >"ADAS_RTOS.lss"
Finished building: ADAS_RTOS.lss
 
Create Flash image (ihex format)
avr-objcopy -R .eeprom -R .fuse -R .lock -R .signature -O ihex ADAS_RTOS.elf  "ADAS_RTOS.hex"
Finished building: ADAS_RTOS.hex
 
Invoking: Print Size
avr-size --format=avr --mcu=atmega32 ADAS_RTOS.elf
AVR Memory Usage
----------------
Device: atmega32

Program:   28034 bytes (85.6% Full)
(.text + .data + .bootloader)

Data:       2112 bytes (103.1% Full)
(.data + .bss + .noinit)


Finished building: sizedummy
 

12:24:33 Build Finished (took 4s.176ms)

