02:17:18 **** Incremental Build of configuration Debug for project ADAS_WheelHubMotors_LaneDetection_OS ****
make all 
Building file: ../main.c
Invoking: AVR Compiler
avr-gcc -Wall -g2 -gstabs -O0 -fpack-struct -fshort-enums -ffunction-sections -fdata-sections -std=gnu99 -funsigned-char -funsigned-bitfields -mmcu=atmega32 -DF_CPU=16000000UL -MMD -MP -MF"main.d" -MT"main.o" -c -o "main.o" "../main.c"
In file included from ../MCAL/GI/GI_interface.h:11,
                 from ../main.c:10:
../MCAL/GI/GI_register.h:13:1: warning: "SREG" redefined
In file included from d:/es_diploma/tools/imt_sdk_win_64/winavr/lib/gcc/../../avr/include/avr/io.h:410,
                 from ../MCAL/DIO/DIO_interface.h:13,
                 from ../main.c:8:
d:/es_diploma/tools/imt_sdk_win_64/winavr/lib/gcc/../../avr/include/avr/common.h:103:1: warning: this is the location of the previous definition
In file included from ../main.c:13:
d:/es_diploma/tools/imt_sdk_win_64/winavr/lib/gcc/../../avr/include/util/delay.h:90:3: warning: #warning "Compiler optimizations disabled; functions from <util/delay.h> won't work as designed"
../main.c: In function 'WHM':
../main.c:109: warning: implicit declaration of function 'UART_TransmitString'
../main.c:166: warning: implicit declaration of function 'LaneAssist'
../main.c: At top level:
../main.c:169: warning: conflicting types for 'LaneAssist'
../main.c:166: warning: previous implicit declaration of 'LaneAssist' was here
../main.c: In function 'AutoPark':
../main.c:214: warning: implicit declaration of function 'ADC_ReadChannel'
Finished building: ../main.c
 
Building target: ADAS_WheelHubMotors_LaneDetection_OS.elf
Invoking: AVR C Linker
avr-gcc -Wl,-Map,ADAS_WheelHubMotors_LaneDetection_OS.map -mmcu=atmega32 -o "ADAS_WheelHubMotors_LaneDetection_OS.elf"  ./OS/OS_program.o  ./MCAL/UART/src/UART_program.o  ./MCAL/TIMERS/TIMER2/src/TMR2_program.o  ./MCAL/TIMERS/TIMER1/src/TMR1_program.o  ./MCAL/TIMERS/TIMER0/src/TMR0_program.o  ./MCAL/SPI/src/SPI_program.o  ./MCAL/PORT/PORT.o ./MCAL/PORT/PORT_cnf.o  ./MCAL/GI/GI__program.o  ./MCAL/DIO/DIO_program.o  ./MCAL/ADC/src/ADC_program.o  ./HAL/SRVM/SRVM_program.o  ./HAL/MOTOR/WHM.o  ./HAL/BLUETOOTH/BT.o  ./main.o   
Finished building target: ADAS_WheelHubMotors_LaneDetection_OS.elf
 
Invoking: AVR Create Extended Listing
avr-objdump -h -S ADAS_WheelHubMotors_LaneDetection_OS.elf  >"ADAS_WheelHubMotors_LaneDetection_OS.lss"
Finished building: ADAS_WheelHubMotors_LaneDetection_OS.lss
 
Create Flash image (ihex format)
avr-objcopy -R .eeprom -R .fuse -R .lock -R .signature -O ihex ADAS_WheelHubMotors_LaneDetection_OS.elf  "ADAS_WheelHubMotors_LaneDetection_OS.hex"
Finished building: ADAS_WheelHubMotors_LaneDetection_OS.hex
 
Invoking: Print Size
avr-size --format=avr --mcu=atmega32 ADAS_WheelHubMotors_LaneDetection_OS.elf
AVR Memory Usage
----------------
Device: atmega32

Program:   13488 bytes (41.2% Full)
(.text + .data + .bootloader)

Data:        803 bytes (39.2% Full)
(.data + .bss + .noinit)


Finished building: sizedummy
 

02:17:19 Build Finished (took 930ms)

