06:55:57 **** Incremental Build of configuration Debug for project ADAS_WheelHubMotors_LaneDetection ****
make all 
Building file: ../main.c
Invoking: AVR Compiler
avr-gcc -Wall -g2 -gstabs -O0 -fpack-struct -fshort-enums -ffunction-sections -fdata-sections -std=gnu99 -funsigned-char -funsigned-bitfields -mmcu=atmega32 -DF_CPU=16000000UL -MMD -MP -MF"main.d" -MT"main.o" -c -o "main.o" "../main.c"
In file included from ../main.c:8:
d:/es_diploma/tools/imt_sdk_win_64/winavr/lib/gcc/../../avr/include/avr/delay.h:36:2: warning: #warning "This file has been moved to <util/delay.h>."
In file included from d:/es_diploma/tools/imt_sdk_win_64/winavr/lib/gcc/../../avr/include/avr/delay.h:37,
                 from ../main.c:8:
d:/es_diploma/tools/imt_sdk_win_64/winavr/lib/gcc/../../avr/include/util/delay.h:90:3: warning: #warning "Compiler optimizations disabled; functions from <util/delay.h> won't work as designed"
../main.c:13:45: warning: extra tokens at end of #include directive
In file included from ../MCAL/GI/GI_interface.h:11,
                 from ../main.c:14:
../MCAL/GI/GI_register.h:13:1: warning: "SREG" redefined
In file included from d:/es_diploma/tools/imt_sdk_win_64/winavr/lib/gcc/../../avr/include/avr/io.h:410,
                 from ../MCAL/DIO/DIO_interface.h:13,
                 from ../main.c:11:
d:/es_diploma/tools/imt_sdk_win_64/winavr/lib/gcc/../../avr/include/avr/common.h:103:1: warning: this is the location of the previous definition
In file included from ../MCAL/UART/includes/UART_interface.h:12,
                 from ../main.c:15:
../MCAL/UART/includes/UART_register.h:11:1: warning: "UBRRL" redefined
In file included from d:/es_diploma/tools/imt_sdk_win_64/winavr/lib/gcc/../../avr/include/avr/io.h:206,
                 from ../MCAL/DIO/DIO_interface.h:13,
                 from ../main.c:11:
d:/es_diploma/tools/imt_sdk_win_64/winavr/lib/gcc/../../avr/include/avr/iom32.h:72:1: warning: this is the location of the previous definition
In file included from ../MCAL/UART/includes/UART_interface.h:12,
                 from ../main.c:15:
../MCAL/UART/includes/UART_register.h:13:1: warning: "UCSRA" redefined
In file included from d:/es_diploma/tools/imt_sdk_win_64/winavr/lib/gcc/../../avr/include/avr/io.h:206,
                 from ../MCAL/DIO/DIO_interface.h:13,
                 from ../main.c:11:
d:/es_diploma/tools/imt_sdk_win_64/winavr/lib/gcc/../../avr/include/avr/iom32.h:74:1: warning: this is the location of the previous definition
In file included from ../MCAL/UART/includes/UART_interface.h:12,
                 from ../main.c:15:
../MCAL/UART/includes/UART_register.h:14:1: warning: "UCSRB" redefined
In file included from d:/es_diploma/tools/imt_sdk_win_64/winavr/lib/gcc/../../avr/include/avr/io.h:206,
                 from ../MCAL/DIO/DIO_interface.h:13,
                 from ../main.c:11:
d:/es_diploma/tools/imt_sdk_win_64/winavr/lib/gcc/../../avr/include/avr/iom32.h:73:1: warning: this is the location of the previous definition
In file included from ../MCAL/UART/includes/UART_interface.h:12,
                 from ../main.c:15:
../MCAL/UART/includes/UART_register.h:15:1: warning: "UCSRC" redefined
In file included from d:/es_diploma/tools/imt_sdk_win_64/winavr/lib/gcc/../../avr/include/avr/io.h:206,
                 from ../MCAL/DIO/DIO_interface.h:13,
                 from ../main.c:11:
d:/es_diploma/tools/imt_sdk_win_64/winavr/lib/gcc/../../avr/include/avr/iom32.h:114:1: warning: this is the location of the previous definition
In file included from ../MCAL/UART/includes/UART_interface.h:12,
                 from ../main.c:15:
../MCAL/UART/includes/UART_register.h:16:1: warning: "UDR" redefined
In file included from d:/es_diploma/tools/imt_sdk_win_64/winavr/lib/gcc/../../avr/include/avr/io.h:206,
                 from ../MCAL/DIO/DIO_interface.h:13,
                 from ../main.c:11:
d:/es_diploma/tools/imt_sdk_win_64/winavr/lib/gcc/../../avr/include/avr/iom32.h:75:1: warning: this is the location of the previous definition
../main.c: In function 'main':
../main.c:62: warning: pointer targets in passing argument 1 of 'Lcd_PutString' differ in signedness
../main.c:104: warning: implicit declaration of function 'exit'
../main.c:104: warning: incompatible implicit declaration of built-in function 'exit'
Finished building: ../main.c
 
Building target: ADAS_WheelHubMotors_LaneDetection.elf
Invoking: AVR C Linker
avr-gcc -Wl,-Map,ADAS_WheelHubMotors_LaneDetection.map -mmcu=atmega32 -o "ADAS_WheelHubMotors_LaneDetection.elf"  ./MCAL/UART/src/UART_program.o  ./MCAL/TWI/src/TWI_program.o  ./MCAL/TIMERS/TIMER2/src/TMR2_program.o  ./MCAL/TIMERS/TIMER1/src/TMR1_program.o  ./MCAL/TIMERS/TIMER0/src/TMR0_program.o  ./MCAL/SPI/src/SPI_program.o  ./MCAL/PORT/PORT.o ./MCAL/PORT/PORT_cnf.o  ./MCAL/GI/GI__program.o  ./MCAL/EXTI/src/EXTI_program.o  ./MCAL/DIO/DIO_program.o  ./MCAL/ADC/src/ADC_program.o  ./HAL/SRVM/SRVM_program.o  ./HAL/LCD/LCD.o  ./HAL/EEPROM/EEPROM_program.o  ./HAL/DC_MOTOR_H_BRIDGE/DCM_program.o  ./main.o   
Finished building target: ADAS_WheelHubMotors_LaneDetection.elf
 
Invoking: AVR Create Extended Listing
avr-objdump -h -S ADAS_WheelHubMotors_LaneDetection.elf  >"ADAS_WheelHubMotors_LaneDetection.lss"
Finished building: ADAS_WheelHubMotors_LaneDetection.lss
 
Create Flash image (ihex format)
avr-objcopy -R .eeprom -R .fuse -R .lock -R .signature -O ihex ADAS_WheelHubMotors_LaneDetection.elf  "ADAS_WheelHubMotors_LaneDetection.hex"
Finished building: ADAS_WheelHubMotors_LaneDetection.hex
 
Invoking: Print Size
avr-size --format=avr --mcu=atmega32 ADAS_WheelHubMotors_LaneDetection.elf
AVR Memory Usage
----------------
Device: atmega32

Program:   22526 bytes (68.7% Full)
(.text + .data + .bootloader)

Data:        887 bytes (43.3% Full)
(.data + .bss + .noinit)


Finished building: sizedummy
 

06:55:58 Build Finished (took 853ms)

