19:24:46 **** Incremental Build of configuration Debug for project HW_ICU ****
make all 
Building file: ../MCAL/HICU/src/HICU_program.c
Invoking: AVR Compiler
avr-gcc -Wall -g2 -gstabs -O0 -fpack-struct -fshort-enums -ffunction-sections -fdata-sections -std=gnu99 -funsigned-char -funsigned-bitfields -mmcu=atmega32 -DF_CPU=16000000UL -MMD -MP -MF"MCAL/HICU/src/HICU_program.d" -MT"MCAL/HICU/src/HICU_program.o" -c -o "MCAL/HICU/src/HICU_program.o" "../MCAL/HICU/src/HICU_program.c"
Finished building: ../MCAL/HICU/src/HICU_program.c
 
Building target: HW_ICU.elf
Invoking: AVR C Linker
avr-gcc -Wl,-Map,HW_ICU.map -mmcu=atmega32 -o "HW_ICU.elf"  ./MCAL/WDT/src/WDT_program.o  ./MCAL/TIMERS/TIMER2/src/TMR2_program.o  ./MCAL/TIMERS/TIMER1/src/TMR1_program.o  ./MCAL/TIMERS/TIMER0/src/TMR0_program.o  ./MCAL/PORT/PORT.o ./MCAL/PORT/PORT_cnf.o  ./MCAL/HICU/src/HICU_program.o  ./MCAL/GI/GI_program.o  ./MCAL/EXTI/src/EXTI_program.o  ./MCAL/DIO/DIO_program.o  ./HAL/LCD/LCD.o  ./main.o   
Finished building target: HW_ICU.elf
 
Invoking: AVR Create Extended Listing
avr-objdump -h -S HW_ICU.elf  >"HW_ICU.lss"
Finished building: HW_ICU.lss
 
Create Flash image (ihex format)
avr-objcopy -R .eeprom -R .fuse -R .lock -R .signature -O ihex HW_ICU.elf  "HW_ICU.hex"
Finished building: HW_ICU.hex
 
Invoking: Print Size
avr-size --format=avr --mcu=atmega32 HW_ICU.elf
AVR Memory Usage
----------------
Device: atmega32

Program:   15944 bytes (48.7% Full)
(.text + .data + .bootloader)

Data:        409 bytes (20.0% Full)
(.data + .bss + .noinit)


Finished building: sizedummy
 

19:24:47 Build Finished (took 739ms)

