09:36:12 **** Incremental Build of configuration Debug for project LDR_RTOS_SMARTHOME ****
make all 
Building file: ../HAL/LCD/LCD.c
Invoking: AVR Compiler
avr-gcc -I"D:\GitHub\AVRPlayground\ATMEGA32_projects\LDR_RTOS_SMARTHOME\FreeRTOS" -I"D:\GitHub\AVRPlayground\ATMEGA32_projects\LDR_RTOS_SMARTHOME\FreeRTOS\Source\include" -I"D:\GitHub\AVRPlayground\ATMEGA32_projects\LDR_RTOS_SMARTHOME\FreeRTOS\Source\portable\GCC\ATMega323" -Wall -g2 -gstabs -O0 -fpack-struct -fshort-enums -ffunction-sections -fdata-sections -std=gnu99 -funsigned-char -funsigned-bitfields -mmcu=atmega32 -DF_CPU=16000000UL -MMD -MP -MF"HAL/LCD/LCD.d" -MT"HAL/LCD/LCD.o" -c -o "HAL/LCD/LCD.o" "../HAL/LCD/LCD.c"
In file included from ../HAL/LCD/../../MCAL/PORT/PORT_cnf.h:11,
                 from ../HAL/LCD/../../MCAL/PORT/PORT.h:13,
                 from ../HAL/LCD/LCD.h:13,
                 from ../HAL/LCD/LCD.c:8:
../HAL/LCD/../../MCAL/PORT/../DIO/DIO_interface.h:70: warning: no semicolon at end of struct or union
In file included from ../HAL/LCD/LCD.c:9:
d:/es_diploma/tools/imt_sdk_win_64/winavr/lib/gcc/../../avr/include/avr/delay.h:36:2: warning: #warning "This file has been moved to <util/delay.h>."
In file included from d:/es_diploma/tools/imt_sdk_win_64/winavr/lib/gcc/../../avr/include/avr/delay.h:37,
                 from ../HAL/LCD/LCD.c:9:
d:/es_diploma/tools/imt_sdk_win_64/winavr/lib/gcc/../../avr/include/util/delay.h:90:3: warning: #warning "Compiler optimizations disabled; functions from <util/delay.h> won't work as designed"
Finished building: ../HAL/LCD/LCD.c
 
Building file: ../main.c
Invoking: AVR Compiler
avr-gcc -I"D:\GitHub\AVRPlayground\ATMEGA32_projects\LDR_RTOS_SMARTHOME\FreeRTOS" -I"D:\GitHub\AVRPlayground\ATMEGA32_projects\LDR_RTOS_SMARTHOME\FreeRTOS\Source\include" -I"D:\GitHub\AVRPlayground\ATMEGA32_projects\LDR_RTOS_SMARTHOME\FreeRTOS\Source\portable\GCC\ATMega323" -Wall -g2 -gstabs -O0 -fpack-struct -fshort-enums -ffunction-sections -fdata-sections -std=gnu99 -funsigned-char -funsigned-bitfields -mmcu=atmega32 -DF_CPU=16000000UL -MMD -MP -MF"main.d" -MT"main.o" -c -o "main.o" "../main.c"
In file included from ../main.c:10:
../MCAL/DIO/DIO_interface.h:70: warning: no semicolon at end of struct or union
In file included from ../MCAL/TIMERS/TIMER0/includes/TMR0_interface.h:11,
                 from ../main.c:13:
../MCAL/TIMERS/TIMER0/includes/TMR0_register.h:16:1: warning: "TCCR0" redefined
In file included from d:/es_diploma/tools/imt_sdk_win_64/winavr/lib/gcc/../../avr/include/avr/io.h:206,
                 from ../MCAL/DIO/DIO_interface.h:13,
                 from ../main.c:10:
d:/es_diploma/tools/imt_sdk_win_64/winavr/lib/gcc/../../avr/include/avr/iom32.h:148:1: warning: this is the location of the previous definition
In file included from ../MCAL/TIMERS/TIMER0/includes/TMR0_interface.h:11,
                 from ../main.c:13:
../MCAL/TIMERS/TIMER0/includes/TMR0_register.h:27:1: warning: "TCNT0" redefined
In file included from d:/es_diploma/tools/imt_sdk_win_64/winavr/lib/gcc/../../avr/include/avr/io.h:206,
                 from ../MCAL/DIO/DIO_interface.h:13,
                 from ../main.c:10:
d:/es_diploma/tools/imt_sdk_win_64/winavr/lib/gcc/../../avr/include/avr/iom32.h:147:1: warning: this is the location of the previous definition
In file included from ../MCAL/TIMERS/TIMER0/includes/TMR0_interface.h:11,
                 from ../main.c:13:
../MCAL/TIMERS/TIMER0/includes/TMR0_register.h:30:1: warning: "OCR0" redefined
In file included from d:/es_diploma/tools/imt_sdk_win_64/winavr/lib/gcc/../../avr/include/avr/io.h:206,
                 from ../MCAL/DIO/DIO_interface.h:13,
                 from ../main.c:10:
d:/es_diploma/tools/imt_sdk_win_64/winavr/lib/gcc/../../avr/include/avr/iom32.h:165:1: warning: this is the location of the previous definition
In file included from ../MCAL/TIMERS/TIMER0/includes/TMR0_interface.h:11,
                 from ../main.c:13:
../MCAL/TIMERS/TIMER0/includes/TMR0_register.h:33:1: warning: "TIMSK" redefined
In file included from d:/es_diploma/tools/imt_sdk_win_64/winavr/lib/gcc/../../avr/include/avr/io.h:206,
                 from ../MCAL/DIO/DIO_interface.h:13,
                 from ../main.c:10:
d:/es_diploma/tools/imt_sdk_win_64/winavr/lib/gcc/../../avr/include/avr/iom32.h:159:1: warning: this is the location of the previous definition
In file included from ../MCAL/TIMERS/TIMER0/includes/TMR0_interface.h:11,
                 from ../main.c:13:
../MCAL/TIMERS/TIMER0/includes/TMR0_register.h:38:1: warning: "TIFR" redefined
In file included from d:/es_diploma/tools/imt_sdk_win_64/winavr/lib/gcc/../../avr/include/avr/io.h:206,
                 from ../MCAL/DIO/DIO_interface.h:13,
                 from ../main.c:10:
d:/es_diploma/tools/imt_sdk_win_64/winavr/lib/gcc/../../avr/include/avr/iom32.h:158:1: warning: this is the location of the previous definition
In file included from ../MCAL/ADC/includes/ADC_interface.h:13,
                 from ../main.c:14:
../MCAL/ADC/includes/../includes/ADC_register.h:12:1: warning: "ADMUX" redefined
In file included from d:/es_diploma/tools/imt_sdk_win_64/winavr/lib/gcc/../../avr/include/avr/io.h:206,
                 from ../MCAL/DIO/DIO_interface.h:13,
                 from ../main.c:10:
d:/es_diploma/tools/imt_sdk_win_64/winavr/lib/gcc/../../avr/include/avr/iom32.h:66:1: warning: this is the location of the previous definition
In file included from ../MCAL/ADC/includes/ADC_interface.h:13,
                 from ../main.c:14:
../MCAL/ADC/includes/../includes/ADC_register.h:24:1: warning: "ADCSRA" redefined
In file included from d:/es_diploma/tools/imt_sdk_win_64/winavr/lib/gcc/../../avr/include/avr/io.h:206,
                 from ../MCAL/DIO/DIO_interface.h:13,
                 from ../main.c:10:
d:/es_diploma/tools/imt_sdk_win_64/winavr/lib/gcc/../../avr/include/avr/iom32.h:65:1: warning: this is the location of the previous definition
In file included from ../MCAL/ADC/includes/ADC_interface.h:13,
                 from ../main.c:14:
../MCAL/ADC/includes/../includes/ADC_register.h:36:1: warning: "ADCH" redefined
In file included from d:/es_diploma/tools/imt_sdk_win_64/winavr/lib/gcc/../../avr/include/avr/io.h:206,
                 from ../MCAL/DIO/DIO_interface.h:13,
                 from ../main.c:10:
d:/es_diploma/tools/imt_sdk_win_64/winavr/lib/gcc/../../avr/include/avr/iom32.h:64:1: warning: this is the location of the previous definition
In file included from ../MCAL/ADC/includes/ADC_interface.h:13,
                 from ../main.c:14:
../MCAL/ADC/includes/../includes/ADC_register.h:38:1: warning: "ADCL" redefined
In file included from d:/es_diploma/tools/imt_sdk_win_64/winavr/lib/gcc/../../avr/include/avr/io.h:206,
                 from ../MCAL/DIO/DIO_interface.h:13,
                 from ../main.c:10:
d:/es_diploma/tools/imt_sdk_win_64/winavr/lib/gcc/../../avr/include/avr/iom32.h:63:1: warning: this is the location of the previous definition
In file included from ../main.c:16:
d:/es_diploma/tools/imt_sdk_win_64/winavr/lib/gcc/../../avr/include/avr/delay.h:36:2: warning: #warning "This file has been moved to <util/delay.h>."
In file included from d:/es_diploma/tools/imt_sdk_win_64/winavr/lib/gcc/../../avr/include/avr/delay.h:37,
                 from ../main.c:16:
d:/es_diploma/tools/imt_sdk_win_64/winavr/lib/gcc/../../avr/include/util/delay.h:90:3: warning: #warning "Compiler optimizations disabled; functions from <util/delay.h> won't work as designed"
../main.c: In function 'main':
../main.c:40: warning: pointer targets in passing argument 1 of 'LCD_PutString' differ in signedness
../main.c:64: warning: pointer targets in passing argument 1 of 'LCD_PutString_at_X_Y' differ in signedness
../main.c:92: warning: pointer targets in passing argument 1 of 'LCD_PutString' differ in signedness
Finished building: ../main.c
 
Building target: LDR_RTOS_SMARTHOME.elf
Invoking: AVR C Linker
avr-gcc -Wl,-Map,LDR_RTOS_SMARTHOME.map -mmcu=atmega32 -o "LDR_RTOS_SMARTHOME.elf"  ./MCAL/TIMERS/TIMER2/src/TMR2_program.o  ./MCAL/TIMERS/TIMER1/src/TMR1_program.o  ./MCAL/TIMERS/TIMER0/src/TMR0_program.o  ./MCAL/PORT/PORT.o ./MCAL/PORT/PORT_cnf.o  ./MCAL/GI/GI__program.o  ./MCAL/DIO/DIO_program.o  ./MCAL/ADC/src/ADC_program.o  ./HAL/LCD/LCD.o  ./HAL/KEYPAD/KP_program.o  ./main.o   
Finished building target: LDR_RTOS_SMARTHOME.elf
 
Invoking: AVR Create Extended Listing
avr-objdump -h -S LDR_RTOS_SMARTHOME.elf  >"LDR_RTOS_SMARTHOME.lss"
Finished building: LDR_RTOS_SMARTHOME.lss
 
Create Flash image (ihex format)
avr-objcopy -R .eeprom -R .fuse -R .lock -R .signature -O ihex LDR_RTOS_SMARTHOME.elf  "LDR_RTOS_SMARTHOME.hex"
Finished building: LDR_RTOS_SMARTHOME.hex
 
Invoking: Print Size
avr-size --format=avr --mcu=atmega32 LDR_RTOS_SMARTHOME.elf
AVR Memory Usage
----------------
Device: atmega32

Program:   14576 bytes (44.5% Full)
(.text + .data + .bootloader)

Data:        452 bytes (22.1% Full)
(.data + .bss + .noinit)


Finished building: sizedummy
 

09:36:13 Build Finished (took 908ms)

