13:23:17 **** Incremental Build of configuration Debug for project OS_SCHEDULER1 ****
make all 
Building target: OS_SCHEDULER1.elf
Invoking: AVR C Linker
avr-gcc -Wl,-Map,OS_SCHEDULER1.map -mmcu=atmega32 -o "OS_SCHEDULER1.elf"  ./OS/OS_program.o  ./MCAL/WDT/src/WDT_program.o  ./MCAL/TIMERS/TIMER2/src/TMR2_program.o  ./MCAL/TIMERS/TIMER1/src/TMR1_program.o  ./MCAL/TIMERS/TIMER0/src/TMR0_program.o  ./MCAL/PORT/PORT.o ./MCAL/PORT/PORT_cnf.o  ./MCAL/GI/GI_program.o  ./MCAL/DIO/DIO_program.o  ./HAL/LCD/LCD.o  ./main.o   
Finished building target: OS_SCHEDULER1.elf
 
Invoking: AVR Create Extended Listing
avr-objdump -h -S OS_SCHEDULER1.elf  >"OS_SCHEDULER1.lss"
Finished building: OS_SCHEDULER1.lss
 
Create Flash image (ihex format)
avr-objcopy -R .eeprom -R .fuse -R .lock -R .signature -O ihex OS_SCHEDULER1.elf  "OS_SCHEDULER1.hex"
Finished building: OS_SCHEDULER1.hex
 
Invoking: Print Size
avr-size --format=avr --mcu=atmega32 OS_SCHEDULER1.elf
AVR Memory Usage
----------------
Device: atmega32

Program:   15792 bytes (48.2% Full)
(.text + .data + .bootloader)

Data:        410 bytes (20.0% Full)
(.data + .bss + .noinit)


Finished building: sizedummy
 

13:23:17 Build Finished (took 600ms)

