12:18:47 **** Incremental Build of configuration Debug for project OS_SCHEDULER_Version3 ****
make all 
Building file: ../main.c
Invoking: AVR Compiler
avr-gcc -Wall -g2 -gstabs -O0 -fpack-struct -fshort-enums -ffunction-sections -fdata-sections -std=gnu99 -funsigned-char -funsigned-bitfields -mmcu=atmega32 -DF_CPU=16000000UL -MMD -MP -MF"main.d" -MT"main.o" -c -o "main.o" "../main.c"
In file included from ../main.c:13:
../MCAL/DIO/DIO_interface.h:70: warning: no semicolon at end of struct or union
In file included from ../main.c:16:
d:/es_diploma/tools/imt_sdk_win_64/winavr/lib/gcc/../../avr/include/avr/delay.h:36:2: warning: #warning "This file has been moved to <util/delay.h>."
In file included from d:/es_diploma/tools/imt_sdk_win_64/winavr/lib/gcc/../../avr/include/avr/delay.h:37,
                 from ../main.c:16:
d:/es_diploma/tools/imt_sdk_win_64/winavr/lib/gcc/../../avr/include/util/delay.h:90:3: warning: #warning "Compiler optimizations disabled; functions from <util/delay.h> won't work as designed"
../main.c: In function 'HW_Init':
../main.c:44: warning: implicit declaration of function 'GI_voidEnable'
Finished building: ../main.c
 
Building target: OS_SCHEDULER_Version3.elf
Invoking: AVR C Linker
avr-gcc -Wl,-Map,OS_SCHEDULER_Version3.map -mmcu=atmega32 -o "OS_SCHEDULER_Version3.elf"  ./OS/OS_program.o  ./MCAL/WDT/src/WDT_program.o  ./MCAL/TIMERS/TIMER2/src/TMR2_program.o  ./MCAL/TIMERS/TIMER1/src/TMR1_program.o  ./MCAL/TIMERS/TIMER0/src/TMR0_program.o  ./MCAL/PORT/PORT.o ./MCAL/PORT/PORT_cnf.o  ./MCAL/HICU/src/HICU_program.o  ./MCAL/GI/GI_program.o  ./MCAL/EXTI/src/EXTI_program.o  ./MCAL/DIO/DIO_program.o  ./HAL/LCD/LCD.o  ./main.o   
Finished building target: OS_SCHEDULER_Version3.elf
 
Invoking: AVR Create Extended Listing
avr-objdump -h -S OS_SCHEDULER_Version3.elf  >"OS_SCHEDULER_Version3.lss"
Finished building: OS_SCHEDULER_Version3.lss
 
Create Flash image (ihex format)
avr-objcopy -R .eeprom -R .fuse -R .lock -R .signature -O ihex OS_SCHEDULER_Version3.elf  "OS_SCHEDULER_Version3.hex"
Finished building: OS_SCHEDULER_Version3.hex
 
Invoking: Print Size
avr-size --format=avr --mcu=atmega32 OS_SCHEDULER_Version3.elf
AVR Memory Usage
----------------
Device: atmega32

Program:   19164 bytes (58.5% Full)
(.text + .data + .bootloader)

Data:        461 bytes (22.5% Full)
(.data + .bss + .noinit)


Finished building: sizedummy
 

12:18:48 Build Finished (took 667ms)

