14:28:59 **** Build of configuration Debug for project OS_SCHEDULER2 ****
make all 
Building file: ../OS/OS_program.c
Invoking: AVR Compiler
avr-gcc -Wall -g2 -gstabs -O0 -fpack-struct -fshort-enums -ffunction-sections -fdata-sections -std=gnu99 -funsigned-char -funsigned-bitfields -mmcu=atmega32 -DF_CPU=16000000UL -MMD -MP -MF"OS/OS_program.d" -MT"OS/OS_program.o" -c -o "OS/OS_program.o" "../OS/OS_program.c"
../OS/OS_program.c:17: warning: type defaults to 'int' in declaration of 'TasksCount'
../OS/OS_program.c: In function 'Scheduler':
../OS/OS_program.c:23: warning: unused variable 'flag'
../OS/OS_program.c: In function 'OS_u8GetTaskState':
../OS/OS_program.c:111: warning: control reaches end of non-void function
Finished building: ../OS/OS_program.c
 
Building file: ../MCAL/WDT/src/WDT_program.c
Invoking: AVR Compiler
avr-gcc -Wall -g2 -gstabs -O0 -fpack-struct -fshort-enums -ffunction-sections -fdata-sections -std=gnu99 -funsigned-char -funsigned-bitfields -mmcu=atmega32 -DF_CPU=16000000UL -MMD -MP -MF"MCAL/WDT/src/WDT_program.d" -MT"MCAL/WDT/src/WDT_program.o" -c -o "MCAL/WDT/src/WDT_program.o" "../MCAL/WDT/src/WDT_program.c"
Finished building: ../MCAL/WDT/src/WDT_program.c
 
Building file: ../MCAL/TIMERS/TIMER2/src/TMR2_program.c
Invoking: AVR Compiler
avr-gcc -Wall -g2 -gstabs -O0 -fpack-struct -fshort-enums -ffunction-sections -fdata-sections -std=gnu99 -funsigned-char -funsigned-bitfields -mmcu=atmega32 -DF_CPU=16000000UL -MMD -MP -MF"MCAL/TIMERS/TIMER2/src/TMR2_program.d" -MT"MCAL/TIMERS/TIMER2/src/TMR2_program.o" -c -o "MCAL/TIMERS/TIMER2/src/TMR2_program.o" "../MCAL/TIMERS/TIMER2/src/TMR2_program.c"
Finished building: ../MCAL/TIMERS/TIMER2/src/TMR2_program.c
 
Building file: ../MCAL/TIMERS/TIMER1/src/TMR1_program.c
Invoking: AVR Compiler
avr-gcc -Wall -g2 -gstabs -O0 -fpack-struct -fshort-enums -ffunction-sections -fdata-sections -std=gnu99 -funsigned-char -funsigned-bitfields -mmcu=atmega32 -DF_CPU=16000000UL -MMD -MP -MF"MCAL/TIMERS/TIMER1/src/TMR1_program.d" -MT"MCAL/TIMERS/TIMER1/src/TMR1_program.o" -c -o "MCAL/TIMERS/TIMER1/src/TMR1_program.o" "../MCAL/TIMERS/TIMER1/src/TMR1_program.c"
Finished building: ../MCAL/TIMERS/TIMER1/src/TMR1_program.c
 
Building file: ../MCAL/TIMERS/TIMER0/src/TMR0_program.c
Invoking: AVR Compiler
avr-gcc -Wall -g2 -gstabs -O0 -fpack-struct -fshort-enums -ffunction-sections -fdata-sections -std=gnu99 -funsigned-char -funsigned-bitfields -mmcu=atmega32 -DF_CPU=16000000UL -MMD -MP -MF"MCAL/TIMERS/TIMER0/src/TMR0_program.d" -MT"MCAL/TIMERS/TIMER0/src/TMR0_program.o" -c -o "MCAL/TIMERS/TIMER0/src/TMR0_program.o" "../MCAL/TIMERS/TIMER0/src/TMR0_program.c"
Finished building: ../MCAL/TIMERS/TIMER0/src/TMR0_program.c
 
Building file: ../MCAL/PORT/PORT.c
Invoking: AVR Compiler
avr-gcc -Wall -g2 -gstabs -O0 -fpack-struct -fshort-enums -ffunction-sections -fdata-sections -std=gnu99 -funsigned-char -funsigned-bitfields -mmcu=atmega32 -DF_CPU=16000000UL -MMD -MP -MF"MCAL/PORT/PORT.d" -MT"MCAL/PORT/PORT.o" -c -o "MCAL/PORT/PORT.o" "../MCAL/PORT/PORT.c"
In file included from ../MCAL/PORT/PORT_cnf.h:11,
                 from ../MCAL/PORT/PORT.h:13,
                 from ../MCAL/PORT/PORT.c:7:
../MCAL/PORT/../DIO/DIO_interface.h:70: warning: no semicolon at end of struct or union
Finished building: ../MCAL/PORT/PORT.c
 
Building file: ../MCAL/PORT/PORT_cnf.c
Invoking: AVR Compiler
avr-gcc -Wall -g2 -gstabs -O0 -fpack-struct -fshort-enums -ffunction-sections -fdata-sections -std=gnu99 -funsigned-char -funsigned-bitfields -mmcu=atmega32 -DF_CPU=16000000UL -MMD -MP -MF"MCAL/PORT/PORT_cnf.d" -MT"MCAL/PORT/PORT_cnf.o" -c -o "MCAL/PORT/PORT_cnf.o" "../MCAL/PORT/PORT_cnf.c"
In file included from ../MCAL/PORT/PORT_cnf.h:11,
                 from ../MCAL/PORT/PORT_cnf.c:8:
../MCAL/PORT/../DIO/DIO_interface.h:70: warning: no semicolon at end of struct or union
Finished building: ../MCAL/PORT/PORT_cnf.c
 
Building file: ../MCAL/HICU/src/HICU_program.c
Invoking: AVR Compiler
avr-gcc -Wall -g2 -gstabs -O0 -fpack-struct -fshort-enums -ffunction-sections -fdata-sections -std=gnu99 -funsigned-char -funsigned-bitfields -mmcu=atmega32 -DF_CPU=16000000UL -MMD -MP -MF"MCAL/HICU/src/HICU_program.d" -MT"MCAL/HICU/src/HICU_program.o" -c -o "MCAL/HICU/src/HICU_program.o" "../MCAL/HICU/src/HICU_program.c"
../MCAL/HICU/src/HICU_program.c:26:7: warning: extra tokens at end of #else directive
../MCAL/HICU/src/HICU_program.c: In function 'ICU_voidGetDutyCycle':
../MCAL/HICU/src/HICU_program.c:47: warning: implicit declaration of function 'Lcd_PutString'
../MCAL/HICU/src/HICU_program.c:49: warning: implicit declaration of function 'Lcd_PutInt'
Finished building: ../MCAL/HICU/src/HICU_program.c
 
Building file: ../MCAL/GI/GI_program.c
Invoking: AVR Compiler
avr-gcc -Wall -g2 -gstabs -O0 -fpack-struct -fshort-enums -ffunction-sections -fdata-sections -std=gnu99 -funsigned-char -funsigned-bitfields -mmcu=atmega32 -DF_CPU=16000000UL -MMD -MP -MF"MCAL/GI/GI_program.d" -MT"MCAL/GI/GI_program.o" -c -o "MCAL/GI/GI_program.o" "../MCAL/GI/GI_program.c"
Finished building: ../MCAL/GI/GI_program.c
 
Building file: ../MCAL/EXTI/src/EXTI_program.c
Invoking: AVR Compiler
avr-gcc -Wall -g2 -gstabs -O0 -fpack-struct -fshort-enums -ffunction-sections -fdata-sections -std=gnu99 -funsigned-char -funsigned-bitfields -mmcu=atmega32 -DF_CPU=16000000UL -MMD -MP -MF"MCAL/EXTI/src/EXTI_program.d" -MT"MCAL/EXTI/src/EXTI_program.o" -c -o "MCAL/EXTI/src/EXTI_program.o" "../MCAL/EXTI/src/EXTI_program.c"
Finished building: ../MCAL/EXTI/src/EXTI_program.c
 
Building file: ../MCAL/DIO/DIO_program.c
Invoking: AVR Compiler
avr-gcc -Wall -g2 -gstabs -O0 -fpack-struct -fshort-enums -ffunction-sections -fdata-sections -std=gnu99 -funsigned-char -funsigned-bitfields -mmcu=atmega32 -DF_CPU=16000000UL -MMD -MP -MF"MCAL/DIO/DIO_program.d" -MT"MCAL/DIO/DIO_program.o" -c -o "MCAL/DIO/DIO_program.o" "../MCAL/DIO/DIO_program.c"
In file included from ../MCAL/DIO/DIO_program.c:8:
../MCAL/DIO/DIO_interface.h:70: warning: no semicolon at end of struct or union
Finished building: ../MCAL/DIO/DIO_program.c
 
Building file: ../HAL/LCD/LCD.c
Invoking: AVR Compiler
avr-gcc -Wall -g2 -gstabs -O0 -fpack-struct -fshort-enums -ffunction-sections -fdata-sections -std=gnu99 -funsigned-char -funsigned-bitfields -mmcu=atmega32 -DF_CPU=16000000UL -MMD -MP -MF"HAL/LCD/LCD.d" -MT"HAL/LCD/LCD.o" -c -o "HAL/LCD/LCD.o" "../HAL/LCD/LCD.c"
In file included from ../HAL/LCD/LCD.h:10,
                 from ../HAL/LCD/LCD.c:8:
d:/es_diploma/tools/imt_sdk_win_64/winavr/lib/gcc/../../avr/include/avr/delay.h:36:2: warning: #warning "This file has been moved to <util/delay.h>."
In file included from d:/es_diploma/tools/imt_sdk_win_64/winavr/lib/gcc/../../avr/include/avr/delay.h:37,
                 from ../HAL/LCD/LCD.h:10,
                 from ../HAL/LCD/LCD.c:8:
d:/es_diploma/tools/imt_sdk_win_64/winavr/lib/gcc/../../avr/include/util/delay.h:90:3: warning: #warning "Compiler optimizations disabled; functions from <util/delay.h> won't work as designed"
In file included from ../HAL/LCD/LCD.h:11,
                 from ../HAL/LCD/LCD.c:8:
../HAL/LCD/../../MCAL/DIO/DIO_interface.h:70: warning: no semicolon at end of struct or union
Finished building: ../HAL/LCD/LCD.c
 
Building file: ../main.c
Invoking: AVR Compiler
avr-gcc -Wall -g2 -gstabs -O0 -fpack-struct -fshort-enums -ffunction-sections -fdata-sections -std=gnu99 -funsigned-char -funsigned-bitfields -mmcu=atmega32 -DF_CPU=16000000UL -MMD -MP -MF"main.d" -MT"main.o" -c -o "main.o" "../main.c"
In file included from ../main.c:12:
../MCAL/DIO/DIO_interface.h:70: warning: no semicolon at end of struct or union
../main.c: In function 'main':
../main.c:38: warning: implicit declaration of function 'GI_voidEnable'
Finished building: ../main.c
 
Building target: OS_SCHEDULER2.elf
Invoking: AVR C Linker
avr-gcc -Wl,-Map,OS_SCHEDULER2.map -mmcu=atmega32 -o "OS_SCHEDULER2.elf"  ./OS/OS_program.o  ./MCAL/WDT/src/WDT_program.o  ./MCAL/TIMERS/TIMER2/src/TMR2_program.o  ./MCAL/TIMERS/TIMER1/src/TMR1_program.o  ./MCAL/TIMERS/TIMER0/src/TMR0_program.o  ./MCAL/PORT/PORT.o ./MCAL/PORT/PORT_cnf.o  ./MCAL/HICU/src/HICU_program.o  ./MCAL/GI/GI_program.o  ./MCAL/EXTI/src/EXTI_program.o  ./MCAL/DIO/DIO_program.o  ./HAL/LCD/LCD.o  ./main.o   
Finished building target: OS_SCHEDULER2.elf
 
Invoking: AVR Create Extended Listing
avr-objdump -h -S OS_SCHEDULER2.elf  >"OS_SCHEDULER2.lss"
Finished building: OS_SCHEDULER2.lss
 
Create Flash image (ihex format)
avr-objcopy -R .eeprom -R .fuse -R .lock -R .signature -O ihex OS_SCHEDULER2.elf  "OS_SCHEDULER2.hex"
Finished building: OS_SCHEDULER2.hex
 
Invoking: Print Size
avr-size --format=avr --mcu=atmega32 OS_SCHEDULER2.elf
AVR Memory Usage
----------------
Device: atmega32

Program:   18406 bytes (56.2% Full)
(.text + .data + .bootloader)

Data:        466 bytes (22.8% Full)
(.data + .bss + .noinit)


Finished building: sizedummy
 

14:29:01 Build Finished (took 1s.984ms)

