14:48:35 **** Incremental Build of configuration Debug for project SMART_HOME_ADMIN ****
make all 
Building file: ../main.c
Invoking: AVR Compiler
avr-gcc -Wall -g2 -gstabs -O0 -fpack-struct -fshort-enums -ffunction-sections -fdata-sections -std=gnu99 -funsigned-char -funsigned-bitfields -mmcu=atmega32 -DF_CPU=16000000UL -MMD -MP -MF"main.d" -MT"main.o" -c -o "main.o" "../main.c"
In file included from ../main.c:10:
d:/es_diploma/tools/imt_sdk_win_64/winavr/lib/gcc/../../avr/include/avr/delay.h:36:2: warning: #warning "This file has been moved to <util/delay.h>."
In file included from d:/es_diploma/tools/imt_sdk_win_64/winavr/lib/gcc/../../avr/include/avr/delay.h:37,
                 from ../main.c:10:
d:/es_diploma/tools/imt_sdk_win_64/winavr/lib/gcc/../../avr/include/util/delay.h:90:3: warning: #warning "Compiler optimizations disabled; functions from <util/delay.h> won't work as designed"
In file included from ../MCAL/GI/GI_interface.h:11,
                 from ../main.c:16:
../MCAL/GI/GI_register.h:13:1: warning: "SREG" redefined
In file included from d:/es_diploma/tools/imt_sdk_win_64/winavr/lib/gcc/../../avr/include/avr/io.h:410,
                 from ../MCAL/DIO/DIO_interface.h:13,
                 from ../main.c:13:
d:/es_diploma/tools/imt_sdk_win_64/winavr/lib/gcc/../../avr/include/avr/common.h:103:1: warning: this is the location of the previous definition
In file included from ../MCAL/UART/includes/UART_interface.h:12,
                 from ../main.c:17:
../MCAL/UART/includes/UART_register.h:11:1: warning: "UBRRL" redefined
In file included from d:/es_diploma/tools/imt_sdk_win_64/winavr/lib/gcc/../../avr/include/avr/io.h:206,
                 from ../MCAL/DIO/DIO_interface.h:13,
                 from ../main.c:13:
d:/es_diploma/tools/imt_sdk_win_64/winavr/lib/gcc/../../avr/include/avr/iom32.h:72:1: warning: this is the location of the previous definition
In file included from ../MCAL/UART/includes/UART_interface.h:12,
                 from ../main.c:17:
../MCAL/UART/includes/UART_register.h:13:1: warning: "UCSRA" redefined
In file included from d:/es_diploma/tools/imt_sdk_win_64/winavr/lib/gcc/../../avr/include/avr/io.h:206,
                 from ../MCAL/DIO/DIO_interface.h:13,
                 from ../main.c:13:
d:/es_diploma/tools/imt_sdk_win_64/winavr/lib/gcc/../../avr/include/avr/iom32.h:74:1: warning: this is the location of the previous definition
In file included from ../MCAL/UART/includes/UART_interface.h:12,
                 from ../main.c:17:
../MCAL/UART/includes/UART_register.h:14:1: warning: "UCSRB" redefined
In file included from d:/es_diploma/tools/imt_sdk_win_64/winavr/lib/gcc/../../avr/include/avr/io.h:206,
                 from ../MCAL/DIO/DIO_interface.h:13,
                 from ../main.c:13:
d:/es_diploma/tools/imt_sdk_win_64/winavr/lib/gcc/../../avr/include/avr/iom32.h:73:1: warning: this is the location of the previous definition
In file included from ../MCAL/UART/includes/UART_interface.h:12,
                 from ../main.c:17:
../MCAL/UART/includes/UART_register.h:15:1: warning: "UCSRC" redefined
In file included from d:/es_diploma/tools/imt_sdk_win_64/winavr/lib/gcc/../../avr/include/avr/io.h:206,
                 from ../MCAL/DIO/DIO_interface.h:13,
                 from ../main.c:13:
d:/es_diploma/tools/imt_sdk_win_64/winavr/lib/gcc/../../avr/include/avr/iom32.h:114:1: warning: this is the location of the previous definition
In file included from ../MCAL/UART/includes/UART_interface.h:12,
                 from ../main.c:17:
../MCAL/UART/includes/UART_register.h:16:1: warning: "UDR" redefined
In file included from d:/es_diploma/tools/imt_sdk_win_64/winavr/lib/gcc/../../avr/include/avr/io.h:206,
                 from ../MCAL/DIO/DIO_interface.h:13,
                 from ../main.c:13:
d:/es_diploma/tools/imt_sdk_win_64/winavr/lib/gcc/../../avr/include/avr/iom32.h:75:1: warning: this is the location of the previous definition
../main.c: In function 'main':
../main.c:209: warning: implicit declaration of function 'exit'
../main.c:209: warning: incompatible implicit declaration of built-in function 'exit'
Finished building: ../main.c
 
Building target: SMART_HOME_ADMIN.elf
Invoking: AVR C Linker
avr-gcc -Wl,-Map,SMART_HOME_ADMIN.map -mmcu=atmega32 -o "SMART_HOME_ADMIN.elf"  ./MCAL/UART/src/UART_program.o  ./MCAL/TWI/src/TWI_program.o  ./MCAL/TIMERS/TIMER2/src/TMR2_program.o  ./MCAL/TIMERS/TIMER1/src/TMR1_program.o  ./MCAL/TIMERS/TIMER0/src/TMR0_program.o  ./MCAL/SPI/src/SPI_program.o  ./MCAL/PORT/PORT.o ./MCAL/PORT/PORT_cnf.o  ./MCAL/GI/GI__program.o  ./MCAL/EXTI/src/EXTI_program.o  ./MCAL/DIO/DIO_program.o  ./HAL/SRVM/SRVM_program.o  ./HAL/LCD/LCD.o  ./HAL/EEPROM/EEPROM_program.o  ./main.o   
Finished building target: SMART_HOME_ADMIN.elf
 
Invoking: AVR Create Extended Listing
avr-objdump -h -S SMART_HOME_ADMIN.elf  >"SMART_HOME_ADMIN.lss"
Finished building: SMART_HOME_ADMIN.lss
 
Create Flash image (ihex format)
avr-objcopy -R .eeprom -R .fuse -R .lock -R .signature -O ihex SMART_HOME_ADMIN.elf  "SMART_HOME_ADMIN.hex"
Finished building: SMART_HOME_ADMIN.hex
 
Invoking: Print Size
avr-size --format=avr --mcu=atmega32 SMART_HOME_ADMIN.elf
AVR Memory Usage
----------------
Device: atmega32

Program:   22208 bytes (67.8% Full)
(.text + .data + .bootloader)

Data:        885 bytes (43.2% Full)
(.data + .bss + .noinit)


Finished building: sizedummy
 

14:48:37 Build Finished (took 1s.646ms)

