18:33:26 **** Incremental Build of configuration Debug for project SPI_SLAVE ****
make all 
Building file: ../main.c
Invoking: AVR Compiler
avr-gcc -Wall -g2 -gstabs -O0 -fpack-struct -fshort-enums -ffunction-sections -fdata-sections -std=gnu99 -funsigned-char -funsigned-bitfields -mmcu=atmega32 -DF_CPU=16000000UL -MMD -MP -MF"main.d" -MT"main.o" -c -o "main.o" "../main.c"
In file included from ../main.c:10:
d:/es_diploma/tools/imt_sdk_win_64/winavr/lib/gcc/../../avr/include/avr/delay.h:36:2: warning: #warning "This file has been moved to <util/delay.h>."
In file included from d:/es_diploma/tools/imt_sdk_win_64/winavr/lib/gcc/../../avr/include/avr/delay.h:37,
                 from ../main.c:10:
d:/es_diploma/tools/imt_sdk_win_64/winavr/lib/gcc/../../avr/include/util/delay.h:90:3: warning: #warning "Compiler optimizations disabled; functions from <util/delay.h> won't work as designed"
In file included from ../MCAL/GI/GI_interface.h:11,
                 from ../main.c:14:
../MCAL/GI/GI_register.h:13:1: warning: "SREG" redefined
In file included from d:/es_diploma/tools/imt_sdk_win_64/winavr/lib/gcc/../../avr/include/avr/io.h:410,
                 from ../MCAL/DIO/DIO_interface.h:13,
                 from ../main.c:11:
d:/es_diploma/tools/imt_sdk_win_64/winavr/lib/gcc/../../avr/include/avr/common.h:103:1: warning: this is the location of the previous definition
../main.c: In function 'main':
../main.c:29: warning: implicit declaration of function 'Lcd_Init'
Finished building: ../main.c
 
Building target: SPI_SLAVE.elf
Invoking: AVR C Linker
avr-gcc -Wl,-Map,SPI_SLAVE.map -mmcu=atmega32 -o "SPI_SLAVE.elf"  ./MCAL/TIMERS/TIMER2/src/TMR2_program.o  ./MCAL/TIMERS/TIMER1/src/TMR1_program.o  ./MCAL/TIMERS/TIMER0/src/TMR0_program.o  ./MCAL/SPI/src/SPI_program.o  ./MCAL/PORT/PORT.o ./MCAL/PORT/PORT_cnf.o  ./MCAL/GI/GI__program.o  ./MCAL/EXTI/src/EXTI_program.o  ./MCAL/DIO/DIO_program.o  ./HAL/SEVEN_SEGMENT/SEVEN_SEGMENT.o  ./HAL/LCD/LCD.o  ./main.o   
Finished building target: SPI_SLAVE.elf
 
Invoking: AVR Create Extended Listing
avr-objdump -h -S SPI_SLAVE.elf  >"SPI_SLAVE.lss"
Finished building: SPI_SLAVE.lss
 
Create Flash image (ihex format)
avr-objcopy -R .eeprom -R .fuse -R .lock -R .signature -O ihex SPI_SLAVE.elf  "SPI_SLAVE.hex"
Finished building: SPI_SLAVE.hex
 
Invoking: Print Size
avr-size --format=avr --mcu=atmega32 SPI_SLAVE.elf
AVR Memory Usage
----------------
Device: atmega32

Program:   19830 bytes (60.5% Full)
(.text + .data + .bootloader)

Data:        400 bytes (19.5% Full)
(.data + .bss + .noinit)


Finished building: sizedummy
 

18:33:27 Build Finished (took 1s.645ms)

