06:34:16 **** Incremental Build of configuration Debug for project UART ****
make all 
Building file: ../MCAL/UART/src/UART_program.c
Invoking: AVR Compiler
avr-gcc -Wall -g2 -gstabs -O0 -fpack-struct -fshort-enums -ffunction-sections -fdata-sections -std=gnu99 -funsigned-char -funsigned-bitfields -mmcu=atmega32 -DF_CPU=16000000UL -MMD -MP -MF"MCAL/UART/src/UART_program.d" -MT"MCAL/UART/src/UART_program.o" -c -o "MCAL/UART/src/UART_program.o" "../MCAL/UART/src/UART_program.c"
Finished building: ../MCAL/UART/src/UART_program.c
 
Building file: ../main.c
Invoking: AVR Compiler
avr-gcc -Wall -g2 -gstabs -O0 -fpack-struct -fshort-enums -ffunction-sections -fdata-sections -std=gnu99 -funsigned-char -funsigned-bitfields -mmcu=atmega32 -DF_CPU=16000000UL -MMD -MP -MF"main.d" -MT"main.o" -c -o "main.o" "../main.c"
In file included from ../main.c:12:
../MCAL/DIO/DIO_interface.h:70: warning: no semicolon at end of struct or union
In file included from ../main.c:15:
d:/es_diploma/tools/imt_sdk_win_64/winavr/lib/gcc/../../avr/include/avr/delay.h:36:2: warning: #warning "This file has been moved to <util/delay.h>."
In file included from d:/es_diploma/tools/imt_sdk_win_64/winavr/lib/gcc/../../avr/include/avr/delay.h:37,
                 from ../main.c:15:
d:/es_diploma/tools/imt_sdk_win_64/winavr/lib/gcc/../../avr/include/util/delay.h:90:3: warning: #warning "Compiler optimizations disabled; functions from <util/delay.h> won't work as designed"
In file included from ../MCAL/UART/includes/UART_interface.h:12,
                 from ../main.c:17:
../MCAL/UART/includes/UART_register.h:11:1: warning: "UBRRL" redefined
In file included from d:/es_diploma/tools/imt_sdk_win_64/winavr/lib/gcc/../../avr/include/avr/io.h:206,
                 from ../main.c:9:
d:/es_diploma/tools/imt_sdk_win_64/winavr/lib/gcc/../../avr/include/avr/iom32.h:72:1: warning: this is the location of the previous definition
In file included from ../MCAL/UART/includes/UART_interface.h:12,
                 from ../main.c:17:
../MCAL/UART/includes/UART_register.h:13:1: warning: "UCSRA" redefined
In file included from d:/es_diploma/tools/imt_sdk_win_64/winavr/lib/gcc/../../avr/include/avr/io.h:206,
                 from ../main.c:9:
d:/es_diploma/tools/imt_sdk_win_64/winavr/lib/gcc/../../avr/include/avr/iom32.h:74:1: warning: this is the location of the previous definition
In file included from ../MCAL/UART/includes/UART_interface.h:12,
                 from ../main.c:17:
../MCAL/UART/includes/UART_register.h:14:1: warning: "UCSRB" redefined
In file included from d:/es_diploma/tools/imt_sdk_win_64/winavr/lib/gcc/../../avr/include/avr/io.h:206,
                 from ../main.c:9:
d:/es_diploma/tools/imt_sdk_win_64/winavr/lib/gcc/../../avr/include/avr/iom32.h:73:1: warning: this is the location of the previous definition
In file included from ../MCAL/UART/includes/UART_interface.h:12,
                 from ../main.c:17:
../MCAL/UART/includes/UART_register.h:15:1: warning: "UCSRC" redefined
In file included from d:/es_diploma/tools/imt_sdk_win_64/winavr/lib/gcc/../../avr/include/avr/io.h:206,
                 from ../main.c:9:
d:/es_diploma/tools/imt_sdk_win_64/winavr/lib/gcc/../../avr/include/avr/iom32.h:114:1: warning: this is the location of the previous definition
In file included from ../MCAL/UART/includes/UART_interface.h:12,
                 from ../main.c:17:
../MCAL/UART/includes/UART_register.h:16:1: warning: "UDR" redefined
In file included from d:/es_diploma/tools/imt_sdk_win_64/winavr/lib/gcc/../../avr/include/avr/io.h:206,
                 from ../main.c:9:
d:/es_diploma/tools/imt_sdk_win_64/winavr/lib/gcc/../../avr/include/avr/iom32.h:75:1: warning: this is the location of the previous definition
In file included from ../MCAL/TIMERS/TIMER0/includes/TMR0_interface.h:11,
                 from ../main.c:21:
../MCAL/TIMERS/TIMER0/includes/TMR0_register.h:16:1: warning: "TCCR0" redefined
In file included from d:/es_diploma/tools/imt_sdk_win_64/winavr/lib/gcc/../../avr/include/avr/io.h:206,
                 from ../main.c:9:
d:/es_diploma/tools/imt_sdk_win_64/winavr/lib/gcc/../../avr/include/avr/iom32.h:148:1: warning: this is the location of the previous definition
In file included from ../MCAL/TIMERS/TIMER0/includes/TMR0_interface.h:11,
                 from ../main.c:21:
../MCAL/TIMERS/TIMER0/includes/TMR0_register.h:27:1: warning: "TCNT0" redefined
In file included from d:/es_diploma/tools/imt_sdk_win_64/winavr/lib/gcc/../../avr/include/avr/io.h:206,
                 from ../main.c:9:
d:/es_diploma/tools/imt_sdk_win_64/winavr/lib/gcc/../../avr/include/avr/iom32.h:147:1: warning: this is the location of the previous definition
In file included from ../MCAL/TIMERS/TIMER0/includes/TMR0_interface.h:11,
                 from ../main.c:21:
../MCAL/TIMERS/TIMER0/includes/TMR0_register.h:30:1: warning: "OCR0" redefined
In file included from d:/es_diploma/tools/imt_sdk_win_64/winavr/lib/gcc/../../avr/include/avr/io.h:206,
                 from ../main.c:9:
d:/es_diploma/tools/imt_sdk_win_64/winavr/lib/gcc/../../avr/include/avr/iom32.h:165:1: warning: this is the location of the previous definition
In file included from ../MCAL/TIMERS/TIMER0/includes/TMR0_interface.h:11,
                 from ../main.c:21:
../MCAL/TIMERS/TIMER0/includes/TMR0_register.h:33:1: warning: "TIMSK" redefined
In file included from d:/es_diploma/tools/imt_sdk_win_64/winavr/lib/gcc/../../avr/include/avr/io.h:206,
                 from ../main.c:9:
d:/es_diploma/tools/imt_sdk_win_64/winavr/lib/gcc/../../avr/include/avr/iom32.h:159:1: warning: this is the location of the previous definition
In file included from ../MCAL/TIMERS/TIMER0/includes/TMR0_interface.h:11,
                 from ../main.c:21:
../MCAL/TIMERS/TIMER0/includes/TMR0_register.h:38:1: warning: "TIFR" redefined
In file included from d:/es_diploma/tools/imt_sdk_win_64/winavr/lib/gcc/../../avr/include/avr/io.h:206,
                 from ../main.c:9:
d:/es_diploma/tools/imt_sdk_win_64/winavr/lib/gcc/../../avr/include/avr/iom32.h:158:1: warning: this is the location of the previous definition
../main.c: In function 'main':
../main.c:29: warning: implicit declaration of function 'GI_voidEnable'
Finished building: ../main.c
 
Building target: UART.elf
Invoking: AVR C Linker
avr-gcc -Wl,-Map,UART.map -mmcu=atmega32 -o "UART.elf"  ./MCAL/UART/src/UART_program.o  ./MCAL/TIMERS/TIMER0/src/TMR0_program.o  ./MCAL/PORT/PORT.o ./MCAL/PORT/PORT_cnf.o  ./MCAL/GI/GI_program.o  ./MCAL/EXTI/src/EXTI_program.o  ./MCAL/DIO/DIO_program.o  ./MCAL/ADC/src/ADC_program.o  ./HAL/SEVEN_SEGMENT/SEVEN_SEGMENT.o  ./HAL/KEYPAD/KP_program.o  ./HAL/DC_MOTOR_H_BRIDGE/DCM_program.o  ./main.o   
Finished building target: UART.elf
 
Invoking: AVR Create Extended Listing
avr-objdump -h -S UART.elf  >"UART.lss"
Finished building: UART.lss
 
Create Flash image (ihex format)
avr-objcopy -R .eeprom -R .fuse -R .lock -R .signature -O ihex UART.elf  "UART.hex"
Finished building: UART.hex
 
Invoking: Print Size
avr-size --format=avr --mcu=atmega32 UART.elf
AVR Memory Usage
----------------
Device: atmega32

Program:    9936 bytes (30.3% Full)
(.text + .data + .bootloader)

Data:        147 bytes (7.2% Full)
(.data + .bss + .noinit)


Finished building: sizedummy
 

06:34:17 Build Finished (took 1s.66ms)

